#
# A fatal error has been detected by the Java Runtime Environment:
#
#  Internal Error (javaClasses.cpp:126), pid=2284, tid=1288
#  fatal error: Invalid layout of preloaded class
#
# JRE version:  (8.0_20-b26) (build )
# Java VM: Java HotSpot(TM) Client VM (25.20-b23 mixed mode windows-x86 )
# Failed to write core dump. Minidumps are not enabled by default on client versions of Windows
#
# If you would like to submit a bug report, please visit:
#   http://bugreport.sun.com/bugreport/crash.jsp
#

---------------  T H R E A D  ---------------

Current thread (0x00d8bc00):  JavaThread "Unknown thread" [_thread_in_vm, id=1288, stack(0x00c40000,0x00c90000)]

Stack: [0x00c40000,0x00c90000],  sp=0x00c8f6e4,  free space=317k
Native frames: (J=compiled Java code, j=interpreted, Vv=VM code, C=native code)
V  [jvm.dll+0x196ccb]
V  [jvm.dll+0x18fc56]
V  [jvm.dll+0x3b52a]
V  [jvm.dll+0x3b6e0]
V  [jvm.dll+0x4a2a3]
V  [jvm.dll+0x9d44e]
V  [jvm.dll+0x9d712]
V  [jvm.dll+0x144f11]
V  [jvm.dll+0x168e48]
V  [jvm.dll+0xda6d1]
C  [javaw.exe+0x13e4]
C  [javaw.exe+0x1eb7]
C  [javaw.exe+0xaba1]
C  [javaw.exe+0xac2b]
C  [kernel32.dll+0x4ee1c]
C  [ntdll.dll+0x637eb]
C  [ntdll.dll+0x637be]
C  0x00000000


---------------  P R O C E S S  ---------------

Java Threads: ( => current thread )

Other Threads:

=>0x00d8bc00 (exited) JavaThread "Unknown thread" [_thread_in_vm, id=1288, stack(0x00c40000,0x00c90000)]

VM state:not at safepoint (not fully initialized)

VM Mutex/Monitor currently owned by a thread: None

GC Heap History (0 events):
No events

Deoptimization events (0 events):
No events

Internal exceptions (0 events):
No events

Events (10 events):
Event: 0.011 loading class java/lang/CharSequence done
Event: 0.011 loading class java/lang/String done
Event: 0.011 loading class java/lang/Class
Event: 0.012 loading class java/lang/reflect/AnnotatedElement
Event: 0.012 loading class java/lang/reflect/AnnotatedElement done
Event: 0.012 loading class java/lang/reflect/GenericDeclaration
Event: 0.012 loading class java/lang/reflect/GenericDeclaration done
Event: 0.012 loading class java/lang/reflect/Type
Event: 0.012 loading class java/lang/reflect/Type done
Event: 0.012 loading class java/lang/Class done


Dynamic libraries:
0x00e20000 - 0x00e50000 	C:\Program Files\Java\jre1.8.0_20\bin\javaw.exe
0x76e10000 - 0x76f4c000 	C:\Windows\SYSTEM32\ntdll.dll
0x76530000 - 0x76604000 	C:\Windows\system32\kernel32.dll
0x74e70000 - 0x74ebb000 	C:\Windows\system32\KERNELBASE.dll
0x76790000 - 0x76830000 	C:\Windows\system32\ADVAPI32.dll
0x769c0000 - 0x76a6c000 	C:\Windows\system32\msvcrt.dll
0x750f0000 - 0x75109000 	C:\Windows\SYSTEM32\sechost.dll
0x74ff0000 - 0x75092000 	C:\Windows\system32\RPCRT4.dll
0x76610000 - 0x766d9000 	C:\Windows\system32\USER32.dll
0x750a0000 - 0x750ee000 	C:\Windows\system32\GDI32.dll
0x76780000 - 0x7678a000 	C:\Windows\system32\LPK.dll
0x766e0000 - 0x7677d000 	C:\Windows\system32\USP10.dll
0x73930000 - 0x73ace000 	C:\Windows\WinSxS\x86_microsoft.windows.common-controls_6595b64144ccf1df_6.0.7601.17514_none_41e6975e2bd6f2b2\COMCTL32.dll
0x75370000 - 0x753c7000 	C:\Windows\system32\SHLWAPI.dll
0x769a0000 - 0x769bf000 	C:\Windows\system32\IMM32.DLL
0x75470000 - 0x7553c000 	C:\Windows\system32\MSCTF.dll
0x64470000 - 0x6452f000 	C:\Program Files\Java\jre1.8.0_20\bin\msvcr100.dll
0x62610000 - 0x629b2000 	C:\Program Files\Java\jre1.8.0_20\bin\client\jvm.dll
0x701c0000 - 0x701c7000 	C:\Windows\system32\WSOCK32.dll
0x764f0000 - 0x76525000 	C:\Windows\system32\WS2_32.dll
0x75360000 - 0x75366000 	C:\Windows\system32\NSI.dll
0x74fb0000 - 0x74fe2000 	C:\Windows\system32\WINMM.dll
0x76f50000 - 0x76f55000 	C:\Windows\system32\PSAPI.DLL
0x734a0000 - 0x734ac000 	C:\Program Files\Java\jre1.8.0_20\bin\verify.dll
0x6d860000 - 0x6d881000 	C:\Program Files\Java\jre1.8.0_20\bin\java.dll
0x6d500000 - 0x6d513000 	C:\Program Files\Java\jre1.8.0_20\bin\zip.dll
0x6e8b0000 - 0x6e99b000 	C:\Windows\system32\dbghelp.dll

VM Arguments:
jvm_args: -Dfile.encoding=GBK -Xbootclasspath:C:\Users\Administrator\android-sdks\platforms\android-19\android.jar 
java_command: LobbyActivity
java_class_path (initial): D:\用户目录\Documents\GitHub\Thesis\CardGameApp\libs\chord-v2.0.0.jar;D:\用户目录\Documents\GitHub\Thesis\CardGameApp\libs\android-support-v4.jar;D:\用户目录\Documents\GitHub\Thesis\CardGameApp\libs\sdk-v1.0.0.jar;D:\用户目录\Documents\GitHub\Thesis\CardGameApp\bin\classes
Launcher Type: SUN_STANDARD

Environment Variables:
PATH=C:/Program Files/Java/jre1.8.0_20/bin/client;C:/Program Files/Java/jre1.8.0_20/bin;C:/Program Files/Java/jre1.8.0_20/lib/i386;C:\ProgramData\Oracle\Java\javapath;C:\Windows\system32;C:\Windows;C:\Windows\System32\Wbem;C:\Windows\System32\WindowsPowerShell\v1.0\;D:\eclipse;
USERNAME=Administrator
OS=Windows_NT
PROCESSOR_IDENTIFIER=x86 Family 6 Model 37 Stepping 5, GenuineIntel



---------------  S Y S T E M  ---------------

OS: Windows 7 Build 7601 Service Pack 1

CPU:total 4 (2 cores per cpu, 2 threads per core) family 6 model 37 stepping 5, cmov, cx8, fxsr, mmx, sse, sse2, sse3, ssse3, sse4.1, sse4.2, popcnt, ht, tsc, tscinvbit

Memory: 4k page, physical 1947284k(699908k free), swap 3894568k(2467572k free)

vm_info: Java HotSpot(TM) Client VM (25.20-b23) for windows-x86 JRE (1.8.0_20-b26), built on Jul 30 2014 18:14:41 by "java_re" with MS VC++ 10.0 (VS2010)

time: Thu Sep 18 10:16:54 2014
elapsed time: 0 seconds (0d 0h 0m 0s)

